TID: [0] [ESB] [2015-04-13 22:08:05,507] DEBUG {httpclient.wire.header} -  >> "POST /services/echo HTTP/1.1[\r][\n]" {httpclient.wire.header}
TID: [0] [ESB] [2015-04-13 22:08:05,507] DEBUG {httpclient.wire.header} -  >> "Content-Type: text/xml; charset=UTF-8[\r][\n]" {httpclient.wire.header}
TID: [0] [ESB] [2015-04-13 22:08:05,507] DEBUG {httpclient.wire.header} -  >> "SOAPAction: "urn:echoString"[\r][\n]" {httpclient.wire.header}
TID: [0] [ESB] [2015-04-13 22:08:05,507] DEBUG {httpclient.wire.header} -  >> "User-Agent: Axis2[\r][\n]" {httpclient.wire.header}
TID: [0] [ESB] [2015-04-13 22:08:05,507] DEBUG {httpclient.wire.header} -  >> "Host: sajith.org:8244[\r][\n]" {httpclient.wire.header}
TID: [0] [ESB] [2015-04-13 22:08:05,507] DEBUG {httpclient.wire.header} -  >> "Transfer-Encoding: chunked[\r][\n]" {httpclient.wire.header}
TID: [0] [ESB] [2015-04-13 22:08:05,508] DEBUG {httpclient.wire.header} -  >> "[\r][\n]" {httpclient.wire.header}
TID: [0] [ESB] [2015-04-13 22:08:05,508] DEBUG {httpclient.wire.content} -  >> "800[\r][\n]" {httpclient.wire.content}
TID: [0] [ESB] [2015-04-13 22:08:05,512] DEBUG {httpclient.wire.content} -  >> "<?xml version="1.0" encoding="UTF-8"?><soapenv:Envelope xmlns:soapenv="http://schemas.xmlsoap.org/soap/envelope/" xmlns:xenc="http://www.w3.org/2001/04/xmlenc#"><soapenv:Header xmlns:wsa="http://www.w3.org/2005/08/addressing"><wsse:Security xmlns:wsse="http://docs.oasis-open.org/wss/2004/01/oasis-200401-wss-wssecurity-secext-1.0.xsd" soapenv:mustUnderstand="1"><wsu:Timestamp xmlns:wsu="http://docs.oasis-open.org/wss/2004/01/oasis-200401-wss-wssecurity-utility-1.0.xsd" wsu:Id="Timestamp-18"><wsu:Created>2015-04-13T16:38:05.501Z</wsu:Created><wsu:Expires>2015-04-13T16:43:05.501Z</wsu:Expires></wsu:Timestamp><xenc:EncryptedKey Id="EncKeyId-8D4B97184E8C7E2EAD142894308550314"><xenc:EncryptionMethod Algorithm="http://www.w3.org/2001/04/xmlenc#rsa-oaep-mgf1p"></xenc:EncryptionMethod><ds:KeyInfo xmlns:ds="http://www.w3.org/2000/09/xmldsig#">[\n]" {httpclient.wire.content}
TID: [0] [ESB] [2015-04-13 22:08:05,512] DEBUG {httpclient.wire.content} -  >> "<wsse:SecurityTokenReference><wsse:KeyIdentifier EncodingType="http://docs.oasis-open.org/wss/2004/01/oasis-200401-wss-soap-message-security-1.0#Base64Binary" ValueType="http://docs.oasis-open.org/wss/oasis-wss-soap-message-security-1.1#ThumbprintSHA1">a/jhNus21KVuoFx65LmkW2O/l10=</wsse:KeyIdentifier></wsse:SecurityTokenReference>[\n]" {httpclient.wire.content}
TID: [0] [ESB] [2015-04-13 22:08:05,513] DEBUG {httpclient.wire.content} -  >> "</ds:KeyInfo><xenc:CipherData><xenc:CipherValue>JEOjewdCNeQmOmksr6gmL183yoQUaiiaddfiOJYqud01SnZWt6sCVqRIuO5jF04kCgP6vhaaBSte645lsdJFbDdPyr+ualSxFe82um3RCvePlwBUEGExIr0PGxv2WEfRxrSO7OhM+CNPCsUdm0hZ0qAWumzjF74Zn1GZaepNlB8=</xenc:CipherValue></xenc:CipherData></xenc:EncryptedKey><saml2:Assertion xmlns:saml2="urn:oasis:names:tc:SAML:2.0:assertion" xmlns:xs="http://www.w3.org/2001/XMLSchema" ID="urn:uuid:511BCA692C5A055B4A1428943085489" IssueInstant="2015-04-13T16:38:05.461Z" Version="2.0"><saml2:Issuer>localhost</saml2:Issuer><ds:Signature xmlns:ds="http://www.w3.org/2000/09/xmldsig#">[\n]" {httpclient.wire.content}
TID: [0] [ESB] [2015-04-13 22:08:05,513] DEBUG {org.apache.synapse.transport.http.wire} -  >> "POST /services/echo HTTP/1.1[\r][\n]" {org.apache.synapse.transport.http.wire}
TID: [0] [ESB] [2015-04-13 22:08:05,513] DEBUG {org.apache.synapse.transport.http.wire} -  >> "Content-Type: text/xml; charset=UTF-8[\r][\n]" {org.apache.synapse.transport.http.wire}
TID: [0] [ESB] [2015-04-13 22:08:05,513] DEBUG {org.apache.synapse.transport.http.wire} -  >> "SOAPAction: "urn:echoString"[\r][\n]" {org.apache.synapse.transport.http.wire}
TID: [0] [ESB] [2015-04-13 22:08:05,513] DEBUG {httpclient.wire.content} -  >> "<ds:SignedInfo>[\n]" {httpclient.wire.content}
TID: [0] [ESB] [2015-04-13 22:08:05,514] DEBUG {httpclient.wire.content} -  >> "<ds:CanonicalizationMethod Algorithm="http://www.w3.org/2001/10/xml-exc-c14n#"></ds:CanonicalizationMethod>[\n]" {httpclient.wire.content}
TID: [0] [ESB] [2015-04-13 22:08:05,514] DEBUG {httpclient.wire.content} -  >> "<ds:SignatureMethod Algorithm="http://www.w3.org/2000/09/xmldsig#rsa-sha1"></ds:SignatureMethod>[\n]" {httpclient.wire.content}
TID: [0] [ESB] [2015-04-13 22:08:05,514] DEBUG {httpclient.wire.content} -  >> "<ds:Reference URI="#urn:uuid:511BCA692C5A055B4A142894308548" {httpclient.wire.content}
TID: [0] [ESB] [2015-04-13 22:08:05,514] DEBUG {httpclient.wire.content} -  >> "[\r][\n]" {httpclient.wire.content}
TID: [0] [ESB] [2015-04-13 22:08:05,514] DEBUG {org.apache.synapse.transport.http.wire} -  >> "User-Agent: Axis2[\r][\n]" {org.apache.synapse.transport.http.wire}
TID: [0] [ESB] [2015-04-13 22:08:05,515] DEBUG {org.apache.synapse.transport.http.wire} -  >> "Host: sajith.org:8244[\r][\n]" {org.apache.synapse.transport.http.wire}
TID: [0] [ESB] [2015-04-13 22:08:05,515] DEBUG {org.apache.synapse.transport.http.wire} -  >> "Transfer-Encoding: chunked[\r][\n]" {org.apache.synapse.transport.http.wire}
TID: [0] [ESB] [2015-04-13 22:08:05,515] DEBUG {org.apache.synapse.transport.http.wire} -  >> "[\r][\n]" {org.apache.synapse.transport.http.wire}
TID: [0] [ESB] [2015-04-13 22:08:05,515] DEBUG {httpclient.wire.content} -  >> "800[\r][\n]" {httpclient.wire.content}
TID: [0] [ESB] [2015-04-13 22:08:05,515] DEBUG {org.apache.synapse.transport.http.wire} -  >> "800[\r][\n]" {org.apache.synapse.transport.http.wire}
TID: [0] [ESB] [2015-04-13 22:08:05,515] DEBUG {org.apache.synapse.transport.http.wire} -  >> "<" {org.apache.synapse.transport.http.wire}
TID: [0] [ESB] [2015-04-13 22:08:05,515] DEBUG {httpclient.wire.content} -  >> "9">[\n]" {httpclient.wire.content}
TID: [0] [ESB] [2015-04-13 22:08:05,515] DEBUG {httpclient.wire.content} -  >> "<ds:Transforms>[\n]" {httpclient.wire.content}
TID: [0] [ESB] [2015-04-13 22:08:05,515] DEBUG {httpclient.wire.content} -  >> "<ds:Transform Algorithm="http://www.w3.org/2000/09/xmldsig#enveloped-signature"></ds:Transform>[\n]" {httpclient.wire.content}
TID: [0] [ESB] [2015-04-13 22:08:05,516] DEBUG {httpclient.wire.content} -  >> "<ds:Transform Algorithm="http://www.w3.org/2001/10/xml-exc-c14n#"><ec:InclusiveNamespaces xmlns:ec="http://www.w3.org/2001/10/xml-exc-c14n#" PrefixList="xs"></ec:InclusiveNamespaces></ds:Transform>[\n]" {httpclient.wire.content}
TID: [0] [ESB] [2015-04-13 22:08:05,516] DEBUG {httpclient.wire.content} -  >> "</ds:Transforms>[\n]" {httpclient.wire.content}
TID: [0] [ESB] [2015-04-13 22:08:05,516] DEBUG {httpclient.wire.content} -  >> "<ds:DigestMethod Algorithm="http://www.w3.org/2000/09/xmldsig#sha1"></ds:DigestMethod>[\n]" {httpclient.wire.content}
TID: [0] [ESB] [2015-04-13 22:08:05,515] DEBUG {org.apache.synapse.transport.http.headers} -  http-incoming-13 >> POST /services/echo HTTP/1.1 {org.apache.synapse.transport.http.headers}
TID: [0] [ESB] [2015-04-13 22:08:05,516] DEBUG {httpclient.wire.content} -  >> "<ds:DigestValue>WILJ0oNLSIR0V5OsGC90cwCXJII=</ds:DigestValue>[\n]" {httpclient.wire.content}
TID: [0] [ESB] [2015-04-13 22:08:05,516] DEBUG {org.apache.synapse.transport.http.headers} -  http-incoming-13 >> Content-Type: text/xml; charset=UTF-8 {org.apache.synapse.transport.http.headers}
TID: [0] [ESB] [2015-04-13 22:08:05,516] DEBUG {httpclient.wire.content} -  >> "</ds:Reference>[\n]" {httpclient.wire.content}
TID: [0] [ESB] [2015-04-13 22:08:05,516] DEBUG {org.apache.synapse.transport.http.headers} -  http-incoming-13 >> SOAPAction: "urn:echoString" {org.apache.synapse.transport.http.headers}
TID: [0] [ESB] [2015-04-13 22:08:05,516] DEBUG {httpclient.wire.content} -  >> "</ds:SignedInfo>[\n]" {httpclient.wire.content}
TID: [0] [ESB] [2015-04-13 22:08:05,516] DEBUG {org.apache.synapse.transport.http.headers} -  http-incoming-13 >> User-Agent: Axis2 {org.apache.synapse.transport.http.headers}
TID: [0] [ESB] [2015-04-13 22:08:05,517] DEBUG {httpclient.wire.content} -  >> "<ds:SignatureValue>[\n]" {httpclient.wire.content}
TID: [0] [ESB] [2015-04-13 22:08:05,517] DEBUG {org.apache.synapse.transport.http.headers} -  http-incoming-13 >> Host: sajith.org:8244 {org.apache.synapse.transport.http.headers}
TID: [0] [ESB] [2015-04-13 22:08:05,517] DEBUG {httpclient.wire.content} -  >> "eER92NZcWjeIqP9RZRQ3ZUf6g/oezbSaVtAHm3SdrO+Ie9mzwQ0egtmBfuqN5+/NlGkhGpsXyq06[\n]" {httpclient.wire.content}
TID: [0] [ESB] [2015-04-13 22:08:05,517] DEBUG {org.apache.synapse.transport.http.headers} -  http-incoming-13 >> Transfer-Encoding: chunked {org.apache.synapse.transport.http.headers}
TID: [0] [ESB] [2015-04-13 22:08:05,517] DEBUG {httpclient.wire.content} -  >> "Sos5FOCZVpYymn8Ggzs4R8WNQRnw0CACGxKeEyJ2KequCTiKGge5ytS2IjLPPhM+rZu2t5jAc7LU[\n]" {httpclient.wire.content}
TID: [0] [ESB] [2015-04-13 22:08:05,517] DEBUG {httpclient.wire.content} -  >> "LqIZjL/XhCtZJryJbms=[\n]" {httpclient.wire.content}
TID: [0] [ESB] [2015-04-13 22:08:05,517] DEBUG {httpclient.wire.content} -  >> "</ds:SignatureValue>[\n]" {httpclient.wire.content}
TID: [0] [ESB] [2015-04-13 22:08:05,517] DEBUG {httpclient.wire.content} -  >> "<ds:KeyInfo><ds:X509Data><ds:X509Certificate>MIICNTCCAZ6gAwIBAgIES343gjANBgkqhkiG9w0BAQUFADBVMQswCQYDVQQGEwJVUzELMAkGA1UE[\n]" {httpclient.wire.content}
TID: [0] [ESB] [2015-04-13 22:08:05,518] DEBUG {httpclient.wire.content} -  >> "CAwCQ0ExFjAUBgNVBAcMDU1vdW50YWluIFZpZXcxDTALBgNVBAoMBFdTTzIxEjAQBgNVBAMMCWxv[\n]" {httpclient.wire.content}
TID: [0] [ESB] [2015-04-13 22:08:05,518] DEBUG {httpclient.wire.content} -  >> "Y2FsaG9zdDAeFw0xMDAyMTkwNzAyMjZaFw0zNTAyMTMwNzAyMjZaMFUxCzAJBgNVBAYTAlVTMQsw[\n]" {httpclient.wire.content}
TID: [0] [ESB] [2015-04-13 22:08:05,518] DEBUG {httpclient.wire.content} -  >> "CQYDVQQIDAJDQTEWMBQGA1UEBwwNTW91bnRhaW4gVmlldzENMAsGA1UECgwEV1NPMjESMBAGA1UE[\n]" {httpclient.wire.content}
TID: [0] [ESB] [2015-04-13 22:08:05,518] DEBUG {httpclient.wire.content} -  >> "AwwJbG9jYWxob3N0MIGfMA0GCSqGSIb3DQEBAQUAA4GNADCBiQKBgQCUp/oV1vWc8/TkQSiAvTou[\n]" {httpclient.wire.content}
TID: [0] [ESB] [2015-04-13 22:08:05,518] DEBUG {org.apache.synapse.transport.http.wire} -  >> "?xml version="1.0" encoding="UTF-8"?><soapenv:Envelope xmlns:soapenv="http://schemas.xmlsoap.org/soap/envelope/" xmlns:xenc="http://www.w3.org/2001/04/xmlenc#"><soapenv:Header xmlns:wsa="http://www.w3.org/2005/08/addressing"><wsse:Security xmlns:wsse="http://docs.oasis-open.org/wss/2004/01/oasis-200401-wss-wssecurity-secext-1.0.xsd" soapenv:mustUnderstand="1"><wsu:Timestamp xmlns:wsu="http://docs.oasis-open.org/wss/2004/01/oasis-200401-wss-wssecurity-utility-1.0.xsd" wsu:Id="Timestamp-18"><wsu:Created>2015-04-13T16:38:05.501Z</wsu:Created><wsu:Expires>2015-04-13T16:43:05.501Z</wsu:Expires></wsu:Timestamp><xenc:EncryptedKey Id="EncKeyId-8D4B97184E8C7E2EAD142894308550314"><xenc:EncryptionMethod Algorithm="http://www.w3.org/2001/04/xmlenc#rsa-oaep-mgf1p"></xenc:EncryptionMethod><ds:KeyInfo xmlns:ds="http://www.w3.org/2000/09/xmldsig#">[\n]" {org.apache.synapse.transport.http.wire}
TID: [0] [ESB] [2015-04-13 22:08:05,518] DEBUG {httpclient.wire.content} -  >> "sMzOM4asB2iltr2QKozni5aVFu818MpOLZIr8LMnTzWllJvvaA5RAAdpbECb+48FjbBe0hseUdN5[\n]" {httpclient.wire.content}
TID: [0] [ESB] [2015-04-13 22:08:05,518] DEBUG {org.apache.synapse.transport.http.wire} -  >> "<wsse:SecurityTokenReference><wsse:KeyIdentifier EncodingType="http://docs.oasis-open.org/wss/2004/01/oasis-200401-wss-soap-message-security-1.0#Base64Binary" ValueType="http://docs.oasis-open.org/wss/oasis-wss-soap-message-security-1.1#ThumbprintSHA1">a/jhNus21KVuoFx65LmkW2O/l10=</wsse:KeyIdentifier></wsse:SecurityTokenReference>[\n]" {org.apache.synapse.transport.http.wire}
TID: [0] [ESB] [2015-04-13 22:08:05,518] DEBUG {httpclient.wire.content} -  >> "HpwvnH/DW8ZccGvk53I6Orq7hLCv1ZHtuOCokghz/ATrhyPq+QktMfXnRS4HrKGJTzxaCcU7OQID[\n]" {httpclient.wire.content}
TID: [0] [ESB] [2015-04-13 22:08:05,519] DEBUG {org.apache.synapse.transport.http.wire} -  >> "</ds:KeyInfo><xenc:CipherData><xenc:CipherValue>JEOjewdCNeQmOmksr6gmL183yoQUaiiaddfiOJYqud01SnZWt6sCVqRIuO5jF04kCgP6vhaaBSte645lsdJFbDdPyr+ualSxFe82um3RCvePlwBUEGExIr0PGxv2WEfRxrSO7OhM+CNPCsUdm0hZ0qAWumzjF74Zn1GZaepNlB8=</xenc:CipherValue></xenc:CipherData></xenc:EncryptedKey><saml2:Assertion xmlns:saml2="urn:oasis:names:tc:SAML:2.0:assertion" xmlns:xs="http://www.w3.org/2001/XMLSchema" ID="urn:uuid:511BCA692C5A055B4A1428943085489" IssueInstant="2015-04-13T16:38:05.461Z" Version="2.0"><saml2:Issuer>localhost</saml2:Issuer><ds:Signature xmlns:ds="http://www.w3.org/2000/09/xmldsig#">[\n]" {org.apache.synapse.transport.http.wire}
TID: [0] [ESB] [2015-04-13 22:08:05,519] DEBUG {httpclient.wire.content} -  >> "AQABoxIwEDAOBgNVHQ8BAf8EBAMCBPAwDQYJKoZIhvcNAQEFBQADgYEAW5wPR7cr1LAdq+IrR44i[\n]" {httpclient.wire.content}
TID: [0] [ESB] [2015-04-13 22:08:05,519] DEBUG {org.apache.synapse.transport.http.wire} -  >> "<ds:SignedInfo>[\n]" {org.apache.synapse.transport.http.wire}
TID: [0] [ESB] [2015-04-13 22:08:05,519] DEBUG {httpclient.wire.content} -  >> "QlRG5ITCZXY9hI0PygLP2rHANh+PYfTmxbuOnykNGyhM6FjFLbW2uZHQTY1jMrPprjOrmyK5sjJR[\n]" {httpclient.wire.content}
TID: [0] [ESB] [2015-04-13 22:08:05,519] DEBUG {org.apache.synapse.transport.http.wire} -  >> "<ds:CanonicalizationMethod Algorithm="http://www.w3.org/2001/10/xml-exc-c14n#"></ds:CanonicalizationMethod>[\n]" {org.apache.synapse.transport.http.wire}
TID: [0] [ESB] [2015-04-13 22:08:05,519] DEBUG {httpclient.wire.content} -  >> "O4d1DeGHT/YnIjs9JogRKv4XHECwLtIVdAbIdWHEtVZJyMSktcyysFcvuhPQK8Qc/E/Wq8uHSCo=</ds:X509Certificate></ds:X509Data></ds:KeyInfo></ds:Signature><saml2:Subject><saml2:NameID Format="urn:oasis:names:tc:SAML:1.1:nameid-format:emailAddress">admin</saml2:NameID><saml2:SubjectConfirmation Method="urn:oasis:names:tc:SAML:2.0:cm:bearer"></saml2:SubjectConfirmation></saml2:Subject><saml2:Conditions NotBefore="2015-04-13T16:38:05.461Z" NotOnOrAfter="2015-04-13T16:43:05.461Z"><saml2:AudienceRestriction><saml2:Audience>https://sajith.org:8244/services/echo</saml2:Audience></saml2:AudienceRes" {httpclient.wire.content}
TID: [0] [ESB] [2015-04-13 22:08:05,519] DEBUG {org.apache.synapse.transport.http.wire} -  >> "<ds:SignatureMethod Algorithm="http://www.w3.org/2000/09/xmldsig#rsa-sha1"></ds:SignatureMethod>[\n]" {org.apache.synapse.transport.http.wire}
TID: [0] [ESB] [2015-04-13 22:08:05,519] DEBUG {httpclient.wire.content} -  >> "[\r][\n]" {httpclient.wire.content}
TID: [0] [ESB] [2015-04-13 22:08:05,519] DEBUG {org.apache.synapse.transport.http.wire} -  >> "<ds:Reference URI="#urn:uuid:511BCA692C5A055B4A142894308548[\r][\n]" {org.apache.synapse.transport.http.wire}
TID: [0] [ESB] [2015-04-13 22:08:05,520] DEBUG {org.apache.synapse.transport.http.wire} -  >> "800[\r][\n]" {org.apache.synapse.transport.http.wire}
TID: [0] [ESB] [2015-04-13 22:08:05,520] DEBUG {org.apache.synapse.transport.http.wire} -  >> "9">[\n]" {org.apache.synapse.transport.http.wire}
TID: [0] [ESB] [2015-04-13 22:08:05,520] DEBUG {org.apache.synapse.transport.http.wire} -  >> "<ds:Transforms>[\n]" {org.apache.synapse.transport.http.wire}
TID: [0] [ESB] [2015-04-13 22:08:05,520] DEBUG {org.apache.synapse.transport.http.wire} -  >> "<ds:Transform Algorithm="http://www.w3.org/2000/09/xmldsig#enveloped-signature"></ds:Transform>[\n]" {org.apache.synapse.transport.http.wire}
TID: [0] [ESB] [2015-04-13 22:08:05,520] DEBUG {org.apache.synapse.transport.http.wire} -  >> "<ds:Transform Algorithm="http://www.w3.org/2001/10/xml-exc-c14n#"><ec:InclusiveNamespaces xmlns:ec="http://www.w3.org/2001/10/xml-exc-c14n#" PrefixList="xs"></ec:InclusiveNamespaces></ds:Transform>[\n]" {org.apache.synapse.transport.http.wire}
TID: [0] [ESB] [2015-04-13 22:08:05,520] DEBUG {org.apache.synapse.transport.http.wire} -  >> "</ds:Transforms>[\n]" {org.apache.synapse.transport.http.wire}
TID: [0] [ESB] [2015-04-13 22:08:05,520] DEBUG {httpclient.wire.content} -  >> "800[\r][\n]" {httpclient.wire.content}
TID: [0] [ESB] [2015-04-13 22:08:05,520] DEBUG {org.apache.synapse.transport.http.wire} -  >> "<ds:DigestMethod Algorithm="http://www.w3.org/2000/09/xmldsig#sha1"></ds:DigestMethod>[\n]" {org.apache.synapse.transport.http.wire}
TID: [0] [ESB] [2015-04-13 22:08:05,520] DEBUG {org.apache.synapse.transport.http.wire} -  >> "<ds:DigestValue>WILJ0oNLSIR0V5OsGC90cwCXJII=</ds:DigestValue>[\n]" {org.apache.synapse.transport.http.wire}
TID: [0] [ESB] [2015-04-13 22:08:05,520] DEBUG {org.apache.synapse.transport.http.wire} -  >> "</ds:Reference>[\n]" {org.apache.synapse.transport.http.wire}
TID: [0] [ESB] [2015-04-13 22:08:05,520] DEBUG {org.apache.synapse.transport.http.wire} -  >> "</ds:SignedInfo>[\n]" {org.apache.synapse.transport.http.wire}
TID: [0] [ESB] [2015-04-13 22:08:05,520] DEBUG {httpclient.wire.content} -  >> "triction></saml2:Conditions><saml2:AuthnStatement AuthnInstant="2015-04-13T16:38:05.461Z"><saml2:AuthnContext><saml2:AuthnContextClassRef>urn:oasis:names:tc:SAML:2.0:ac:classes:Password</saml2:AuthnContextClassRef></saml2:AuthnContext></saml2:AuthnStatement><saml2:AttributeStatement><saml2:Attribute Name="http://wso2.org/claims/emailaddress" NameFormat="http://wso2.org/claims/emailaddress"><saml2:AttributeValue xmlns:xsi="http://www.w3.org/2001/XMLSchema-instance" xsi:type="xs:string">admin@wso2.com</saml2:AttributeValue></saml2:Attribute><saml2:Attribute Name="http://wso2.org/claims/givenname" NameFormat="http://wso2.org/claims/givenname"><saml2:AttributeValue xmlns:xsi="http://www.w3.org/2001/XMLSchema-instance" xsi:type="xs:string">admin</saml2:AttributeValue></saml2:Attribute></saml2:AttributeStatement></saml2:Assertion><wsse:SecurityTokenReference xmlns:wsu="http://docs.oasis-open.org/wss/2004/01/oasis-200401-wss-wssecurity-utility-1.0.xsd" wsu:Id="Id-768231217"><wsse:Reference URI="#urn:uuid:511BCA692C5A055B4A1428943085489" ValueType="http://docs.oasis-open.org/wss/oasis-wss-saml-token-profile-1.0#SAMLAssertionID"></wsse:Reference></wsse:SecurityTokenReference><ds:Signature xmlns:ds="http://www.w3.org/2000/09/xmldsig#" Id="Signature-19">[\n]" {httpclient.wire.content}
TID: [0] [ESB] [2015-04-13 22:08:05,521] DEBUG {org.apache.synapse.transport.http.wire} -  >> "<ds:SignatureValue>[\n]" {org.apache.synapse.transport.http.wire}
TID: [0] [ESB] [2015-04-13 22:08:05,521] DEBUG {httpclient.wire.content} -  >> "<ds:SignedInfo>[\n]" {httpclient.wire.content}
TID: [0] [ESB] [2015-04-13 22:08:05,521] DEBUG {org.apache.synapse.transport.http.wire} -  >> "eER92NZcWjeIqP9RZRQ3ZUf6g/oezbSaVtAHm3SdrO+Ie9mzwQ0egtmBfuqN5+/NlGkhGpsXyq06[\n]" {org.apache.synapse.transport.http.wire}
TID: [0] [ESB] [2015-04-13 22:08:05,521] DEBUG {httpclient.wire.content} -  >> "<ds:CanonicalizationMethod Algorithm="http://www.w3.org/2001/10/xml-exc-c14n#"></ds:CanonicalizationMethod>[\n]" {httpclient.wire.content}
TID: [0] [ESB] [2015-04-13 22:08:05,521] DEBUG {org.apache.synapse.transport.http.wire} -  >> "Sos5FOCZVpYymn8Ggzs4R8WNQRnw0CACGxKeEyJ2KequCTiKGge5ytS2IjLPPhM+rZu2t5jAc7LU[\n]" {org.apache.synapse.transport.http.wire}
TID: [0] [ESB] [2015-04-13 22:08:05,521] DEBUG {httpclient.wire.content} -  >> "<ds:SignatureMethod Algorithm="http://www.w3.org/2000/09/xmldsig#hmac-sha1"></ds:SignatureMethod>[\n]" {httpclient.wire.content}
TID: [0] [ESB] [2015-04-13 22:08:05,521] DEBUG {org.apache.synapse.transport.http.wire} -  >> "LqIZjL/XhCtZJryJbms=[\n]" {org.apache.synapse.transport.http.wire}
TID: [0] [ESB] [2015-04-13 22:08:05,521] DEBUG {httpclient.wire.content} -  >> "<ds:Reference URI="#Timestamp-18">[\n]" {httpclient.wire.content}
TID: [0] [ESB] [2015-04-13 22:08:05,522] DEBUG {org.apache.synapse.transport.http.wire} -  >> "</ds:SignatureValue>[\n]" {org.apache.synapse.transport.http.wire}
TID: [0] [ESB] [2015-04-13 22:08:05,522] DEBUG {httpclient.wire.content} -  >> "<ds:Transforms>[\n]" {httpclient.wire.content}
TID: [0] [ESB] [2015-04-13 22:08:05,522] DEBUG {org.apache.synapse.transport.http.wire} -  >> "<ds:KeyInfo><ds:X509Data><ds:X509Certificate>MIICNTCCAZ6gAwIBAgIES343gjANBgkqhkiG9w0BAQUFADBVMQswCQYDVQQGEwJVUzELMAkGA1UE[\n]" {org.apache.synapse.transport.http.wire}
TID: [0] [ESB] [2015-04-13 22:08:05,522] DEBUG {httpclient.wire.content} -  >> "<ds:Transform Algorithm="http://www.w3.org/2001/10/xml-exc-c14n#"></ds:Transform>[\n]" {httpclient.wire.content}
TID: [0] [ESB] [2015-04-13 22:08:05,522] DEBUG {org.apache.synapse.transport.http.wire} -  >> "CAwCQ0ExFjAUBgNVBAcMDU1vdW50YWluIFZpZXcxDTALBgNVBAoMBFdTTzIxEjAQBgNVBAMMCWxv[\n]" {org.apache.synapse.transport.http.wire}
TID: [0] [ESB] [2015-04-13 22:08:05,523] DEBUG {httpclient.wire.content} -  >> "</ds:Transforms>[\n]" {httpclient.wire.content}
TID: [0] [ESB] [2015-04-13 22:08:05,523] DEBUG {org.apache.synapse.transport.http.wire} -  >> "Y2FsaG9zdDAeFw0xMDAyMTkwNzAyMjZaFw0zNTAyMTMwNzAyMjZaMFUxCzAJBgNVBAYTAlVTMQsw[\n]" {org.apache.synapse.transport.http.wire}
TID: [0] [ESB] [2015-04-13 22:08:05,523] DEBUG {httpclient.wire.content} -  >> "<ds:DigestMethod Algorithm="http://www.w3.org/2000/09/xmldsig#sha1"></ds:DigestMethod>[\n]" {httpclient.wire.content}
TID: [0] [ESB] [2015-04-13 22:08:05,523] DEBUG {org.apache.synapse.transport.http.wire} -  >> "CQYDVQQIDAJDQTEWMBQGA1UEBwwNTW91bnRhaW4gVmlldzENMAsGA1UECgwEV1NPMjESMBAGA1UE[\n]" {org.apache.synapse.transport.http.wire}
TID: [0] [ESB] [2015-04-13 22:08:05,523] DEBUG {httpclient.wire.content} -  >> "<ds:DigestValue>LjR/tVkHXdXx2h36aJaSEGfG4JM=</ds:DigestValue>[\n]" {httpclient.wire.content}
TID: [0] [ESB] [2015-04-13 22:08:05,524] DEBUG {org.apache.synapse.transport.http.wire} -  >> "AwwJbG9jYWxob3N0MIGfMA0GCSqGSIb3DQEBAQUAA4GNADCBiQKBgQCUp/oV1vWc8/TkQSiAvTou[\n]" {org.apache.synapse.transport.http.wire}
TID: [0] [ESB] [2015-04-13 22:08:05,524] DEBUG {httpclient.wire.content} -  >> "</ds:Reference>[\n]" {httpclient.wire.content}
TID: [0] [ESB] [2015-04-13 22:08:05,524] DEBUG {org.apache.synapse.transport.http.wire} -  >> "sMzOM4asB2iltr2QKozni5aVFu818MpOLZIr8LMnTzWllJvvaA5RAAdpbECb+48FjbBe0hseUdN5[\n]" {org.apache.synapse.transport.http.wire}
TID: [0] [ESB] [2015-04-13 22:08:05,524] DEBUG {httpclient.wire.content} -  >> "</ds:SignedInfo>[\n]" {httpclient.wire.content}
TID: [0] [ESB] [2015-04-13 22:08:05,525] DEBUG {org.apache.synapse.transport.http.wire} -  >> "HpwvnH/DW8ZccGvk53I6Orq7hLCv1ZHtuOCokghz/ATrhyPq+QktMfXnRS4HrKGJTzxaCcU7OQID[\n]" {org.apache.synapse.transport.http.wire}
TID: [0] [ESB] [2015-04-13 22:08:05,525] DEBUG {httpclient.wire.content} -  >> "<ds:SignatureValue>tHECdaK8n2Zz469kA9hk7DPNUco=</ds:SignatureValue>[\n]" {httpclient.wire.content}
TID: [0] [ESB] [2015-04-13 22:08:05,525] DEBUG {org.apache.synapse.transport.http.wire} -  >> "AQABoxIwEDAOBgNVHQ8BAf8EBAMCBPAwDQYJKoZIhvcNAQEFBQADgYEAW5wPR7cr1LAdq+IrR44i[\n]" {org.apache.synapse.transport.http.wire}
TID: [0] [ESB] [2015-04-13 22:08:05,525] DEBUG {httpclient.wire.content} -  >> "<ds:KeyInfo Id="KeyId-8D4B97184E8C7E2EAD142894308550415">[\n]" {httpclient.wire.content}
TID: [0] [ESB] [2015-04-13 22:08:05,526] DEBUG {httpclient.wire.content} -  >> "<wsse:SecurityTokenReference xmlns:wsu="http://docs.oasis-open.org/wss/2004/01/oasis-200401-wss-wssecuri" {httpclient.wire.content}
TID: [0] [ESB] [2015-04-13 22:08:05,526] DEBUG {org.apache.synapse.transport.http.wire} -  >> "QlRG5ITCZXY9hI0PygLP2rHANh+PYfTmxbuOnykNGyhM6FjFLbW2uZHQTY1jMrPprjOrmyK5sjJR[\n]" {org.apache.synapse.transport.http.wire}
TID: [0] [ESB] [2015-04-13 22:08:05,526] DEBUG {httpclient.wire.content} -  >> "[\r][\n]" {httpclient.wire.content}
TID: [0] [ESB] [2015-04-13 22:08:05,526] DEBUG {org.apache.synapse.transport.http.wire} -  >> "O4d1DeGHT/YnIjs9JogRKv4XHECwLtIVdAbIdWHEtVZJyMSktcyysFcvuhPQK8Qc/E/Wq8uHSCo=</ds:X509Certificate></ds:X509Data></ds:KeyInfo></ds:Signature><saml2:Subject><saml2:NameID Format="urn:oasis:names:tc:SAML:1.1:nameid-format:emailAddress">admin</saml2:NameID><saml2:SubjectConfirmation Method="urn:oasis:names:tc:SAML:2.0:cm:bearer"></saml2:SubjectConfirmation></saml2:Subject><saml2:Conditions NotBefore="2015-04-13T16:38:05.461Z" NotOnOrAfter="2015-04-13T16:43:05.461Z"><saml2:AudienceRestriction><saml2:Audience>https://sajith.org:8244/services/echo</saml2:Audience></saml2:AudienceRes" {org.apache.synapse.transport.http.wire}
TID: [0] [ESB] [2015-04-13 22:08:05,527] DEBUG {httpclient.wire.content} -  >> "292[\r][\n]" {httpclient.wire.content}
TID: [0] [ESB] [2015-04-13 22:08:05,527] DEBUG {httpclient.wire.content} -  >> "ty-utility-1.0.xsd" wsu:Id="STRId-8D4B97184E8C7E2EAD142894308550416"><wsse:Reference URI="#EncKeyId-8D4B97184E8C7E2EAD142894308550314" ValueType="http://docs.oasis-open.org/wss/oasis-wss-soap-message-security-1.1#EncryptedKey"></wsse:Reference></wsse:SecurityTokenReference>[\n]" {httpclient.wire.content}
TID: [0] [ESB] [2015-04-13 22:08:05,527] DEBUG {httpclient.wire.content} -  >> "</ds:KeyInfo>[\n]" {httpclient.wire.content}
TID: [0] [ESB] [2015-04-13 22:08:05,527] DEBUG {httpclient.wire.content} -  >> "</ds:Signature></wsse:Security><wsa:To>https://sajith.org:8244/services/echo</wsa:To><wsa:MessageID>urn:uuid:1497eda7-906d-4f52-aa33-da4aadd242c8</wsa:MessageID><wsa:Action>urn:echoString</wsa:Action></soapenv:Header><soapenv:Body><ns:echoString xmlns:ns="http://echo.services.core.carbon.wso2.org"><in>Hello World</in></ns:echoString></soapenv:Body></soapenv:Envelope>" {httpclient.wire.content}
TID: [0] [ESB] [2015-04-13 22:08:05,528] DEBUG {httpclient.wire.content} -  >> "[\r][\n]" {httpclient.wire.content}
TID: [0] [ESB] [2015-04-13 22:08:05,528] DEBUG {httpclient.wire.content} -  >> "0" {httpclient.wire.content}
TID: [0] [ESB] [2015-04-13 22:08:05,528] DEBUG {httpclient.wire.content} -  >> "[\r][\n]" {httpclient.wire.content}
TID: [0] [ESB] [2015-04-13 22:08:05,528] DEBUG {org.apache.synapse.transport.http.wire} -  >> "[\r][\n]" {org.apache.synapse.transport.http.wire}
TID: [0] [ESB] [2015-04-13 22:08:05,528] DEBUG {httpclient.wire.content} -  >> "[\r][\n]" {httpclient.wire.content}
TID: [0] [ESB] [2015-04-13 22:08:05,528] DEBUG {org.apache.synapse.transport.http.wire} -  >> "800[\r][\n]" {org.apache.synapse.transport.http.wire}
TID: [0] [ESB] [2015-04-13 22:08:05,529] DEBUG {org.apache.synapse.transport.http.wire} -  >> "triction></saml2:Conditions><saml2:AuthnStatement AuthnInstant="2015-04-13T16:38:05.461Z"><saml2:AuthnContext><saml2:AuthnContextClassRef>urn:oasis:names:tc:SAML:2.0:ac:classes:Password</saml2:AuthnContextClassRef></saml2:AuthnContext></saml2:AuthnStatement><saml2:AttributeStatement><saml2:Attribute Name="http://wso2.org/claims/emailaddress" NameFormat="http://wso2.org/claims/emailaddress"><saml2:AttributeValue xmlns:xsi="http://www.w3.org/2001/XMLSchema-instance" xsi:type="xs:string">admin@wso2.com</saml2:AttributeValue></saml2:Attribute><saml2:Attribute Name="http://wso2.org/claims/givenname" NameFormat="http://wso2.org/claims/givenname"><saml2:AttributeValue xmlns:xsi="http://www.w3.org/2001/XMLSchema-instance" xsi:type="xs:string">admin</saml2:AttributeValue></saml2:Attribute></saml2:AttributeStatement></saml2:Assertion><wsse:SecurityTokenReference xmlns:wsu="http://docs.oasis-open.org/wss/2004/01/oasis-200401-wss-wssecurity-utility-1.0.xsd" wsu:Id="Id-768231217"><wsse:Reference URI="#urn:uuid:511BCA692C5A055B4A1428943085489" ValueType="http://docs.oasis-open.org/wss/oasis-wss-saml-token-profile-1.0#SAMLAssertionID"></wsse:Reference></wsse:SecurityTokenReference><ds:Signature xmlns:ds="http://www.w3.org/2000/09/xmldsig#" Id="Signature-19">[\n]" {org.apache.synapse.transport.http.wire}
TID: [0] [ESB] [2015-04-13 22:08:05,529] DEBUG {org.apache.synapse.transport.http.wire} -  >> "<ds:SignedInfo>[\n]" {org.apache.synapse.transport.http.wire}
TID: [0] [ESB] [2015-04-13 22:08:05,530] DEBUG {org.apache.synapse.transport.http.wire} -  >> "<ds:CanonicalizationMethod Algorithm="http://www.w3.org/2001/10/xml-exc-c14n#"></ds:CanonicalizationMethod>[\n]" {org.apache.synapse.transport.http.wire}
TID: [0] [ESB] [2015-04-13 22:08:05,530] DEBUG {org.apache.synapse.transport.http.wire} -  >> "<ds:SignatureMethod Algorithm="http://www.w3.org/2000/09/xmldsig#hmac-sha1"></ds:SignatureMethod>[\n]" {org.apache.synapse.transport.http.wire}
TID: [0] [ESB] [2015-04-13 22:08:05,530] DEBUG {org.apache.synapse.transport.http.wire} -  >> "<ds:Reference URI="#Timestamp-18">[\n]" {org.apache.synapse.transport.http.wire}
TID: [0] [ESB] [2015-04-13 22:08:05,530] DEBUG {org.apache.synapse.transport.http.wire} -  >> "<ds:Transforms>[\n]" {org.apache.synapse.transport.http.wire}
TID: [0] [ESB] [2015-04-13 22:08:05,530] DEBUG {org.apache.synapse.transport.http.wire} -  >> "<ds:Transform Algorithm="http://www.w3.org/2001/10/xml-exc-c14n#"></ds:Transform>[\n]" {org.apache.synapse.transport.http.wire}
TID: [0] [ESB] [2015-04-13 22:08:05,530] DEBUG {org.apache.synapse.transport.http.wire} -  >> "</ds:Transforms>[\n]" {org.apache.synapse.transport.http.wire}
TID: [0] [ESB] [2015-04-13 22:08:05,531] DEBUG {org.apache.synapse.transport.http.wire} -  >> "<ds:DigestMethod Algorithm="http://www.w3.org/2000/09/xmldsig#sha1"></ds:DigestMethod>[\n]" {org.apache.synapse.transport.http.wire}
TID: [0] [ESB] [2015-04-13 22:08:05,531] DEBUG {org.apache.synapse.transport.http.wire} -  >> "<ds:DigestValue>LjR/tVkHXdXx2h36aJaSEGfG4JM=</ds:DigestValue>[\n]" {org.apache.synapse.transport.http.wire}
TID: [0] [ESB] [2015-04-13 22:08:05,531] DEBUG {org.apache.synapse.transport.http.wire} -  >> "</ds:Reference>[\n]" {org.apache.synapse.transport.http.wire}
TID: [0] [ESB] [2015-04-13 22:08:05,531] DEBUG {org.apache.synapse.transport.http.wire} -  >> "</ds:SignedInfo>[\n]" {org.apache.synapse.transport.http.wire}
TID: [0] [ESB] [2015-04-13 22:08:05,531] DEBUG {org.apache.synapse.transport.http.wire} -  >> "<ds:SignatureValue>tHECdaK8n2Zz469kA9hk7DPNUco=</ds:SignatureValue>[\n]" {org.apache.synapse.transport.http.wire}
TID: [0] [ESB] [2015-04-13 22:08:05,531] DEBUG {org.apache.synapse.transport.http.wire} -  >> "<ds:KeyInfo Id="KeyId-8D4B97184E8C7E2EAD142894308550415">[\n]" {org.apache.synapse.transport.http.wire}
TID: [0] [ESB] [2015-04-13 22:08:05,531] DEBUG {org.apache.synapse.transport.http.wire} -  >> "<wsse:SecurityTokenReference xmlns:wsu="http://docs.oasis-open.org/wss/2004/01/oasis-200401-wss-wssecuri[\r][\n]" {org.apache.synapse.transport.http.wire}
TID: [0] [ESB] [2015-04-13 22:08:05,532] DEBUG {org.apache.synapse.transport.http.wire} -  >> "292[\r][\n]" {org.apache.synapse.transport.http.wire}
TID: [0] [ESB] [2015-04-13 22:08:05,532] DEBUG {org.apache.synapse.transport.http.wire} -  >> "ty-utility-1.0.xsd" wsu:Id="STRId-8D4B97184E8C7E2EAD142894308550416"><wsse:Reference URI="#EncKeyId-8D4B97184E8C7E2EAD142894308550314" ValueType="http://docs.oasis-open.org/wss/oasis-wss-soap-message-security-1.1#EncryptedKey"></wsse:Reference></wsse:SecurityTokenReference>[\n]" {org.apache.synapse.transport.http.wire}
TID: [0] [ESB] [2015-04-13 22:08:05,532] DEBUG {org.apache.synapse.transport.http.wire} -  >> "</ds:KeyInfo>[\n]" {org.apache.synapse.transport.http.wire}
TID: [0] [ESB] [2015-04-13 22:08:05,533] DEBUG {org.apache.synapse.transport.http.wire} -  >> "</ds:Signature></wsse:Security><wsa:To>https://sajith.org:8244/services/echo</wsa:To><wsa:MessageID>urn:uuid:1497eda7-906d-4f52-aa33-da4aadd242c8</wsa:MessageID><wsa:Action>urn:echoString</wsa:Action></soapenv:Header><soapenv:Body><ns:echoString xmlns:ns="http://echo.services.core.carbon.wso2.org"><in>Hello World</in></ns:echoString></soapenv:Body></soapenv:Envelope>[\r][\n]" {org.apache.synapse.transport.http.wire}
TID: [0] [ESB] [2015-04-13 22:08:05,533] DEBUG {org.apache.synapse.transport.http.wire} -  >> "0[\r][\n]" {org.apache.synapse.transport.http.wire}
TID: [0] [ESB] [2015-04-13 22:08:05,533] DEBUG {org.apache.synapse.transport.http.wire} -  >> "[\r][\n]" {org.apache.synapse.transport.http.wire}
TID: [0] [ESB] [2015-04-13 22:08:05,755] DEBUG {org.apache.synapse.transport.http.headers} -  http-incoming-13 << HTTP/1.1 200 OK {org.apache.synapse.transport.http.headers}
TID: [0] [ESB] [2015-04-13 22:08:05,756] DEBUG {org.apache.synapse.transport.http.headers} -  http-incoming-13 << Content-Type: text/xml; charset=UTF-8 {org.apache.synapse.transport.http.headers}
TID: [0] [ESB] [2015-04-13 22:08:05,756] DEBUG {org.apache.synapse.transport.http.headers} -  http-incoming-13 << Date: Mon, 13 Apr 2015 16:38:05 GMT {org.apache.synapse.transport.http.headers}
TID: [0] [ESB] [2015-04-13 22:08:05,756] DEBUG {org.apache.synapse.transport.http.headers} -  http-incoming-13 << Server: WSO2-PassThrough-HTTP {org.apache.synapse.transport.http.headers}
TID: [0] [ESB] [2015-04-13 22:08:05,756] DEBUG {org.apache.synapse.transport.http.headers} -  http-incoming-13 << Transfer-Encoding: chunked {org.apache.synapse.transport.http.headers}
TID: [0] [ESB] [2015-04-13 22:08:05,756] DEBUG {org.apache.synapse.transport.http.wire} -  << "HTTP/1.1 200 OK[\r][\n]" {org.apache.synapse.transport.http.wire}
TID: [0] [ESB] [2015-04-13 22:08:05,756] DEBUG {org.apache.synapse.transport.http.wire} -  << "Content-Type: text/xml; charset=UTF-8[\r][\n]" {org.apache.synapse.transport.http.wire}
TID: [0] [ESB] [2015-04-13 22:08:05,756] DEBUG {org.apache.synapse.transport.http.wire} -  << "Date: Mon, 13 Apr 2015 16:38:05 GMT[\r][\n]" {org.apache.synapse.transport.http.wire}
TID: [0] [ESB] [2015-04-13 22:08:05,756] DEBUG {org.apache.synapse.transport.http.wire} -  << "Server: WSO2-PassThrough-HTTP[\r][\n]" {org.apache.synapse.transport.http.wire}
TID: [0] [ESB] [2015-04-13 22:08:05,756] DEBUG {org.apache.synapse.transport.http.wire} -  << "Transfer-Encoding: chunked[\r][\n]" {org.apache.synapse.transport.http.wire}
TID: [0] [ESB] [2015-04-13 22:08:05,756] DEBUG {org.apache.synapse.transport.http.wire} -  << "[\r][\n]" {org.apache.synapse.transport.http.wire}
TID: [0] [ESB] [2015-04-13 22:08:05,757] DEBUG {httpclient.wire.header} -  << "HTTP/1.1 200 OK[\r][\n]" {httpclient.wire.header}
TID: [0] [ESB] [2015-04-13 22:08:05,757] DEBUG {org.apache.synapse.transport.http.wire} -  << "875[\r][\n]" {org.apache.synapse.transport.http.wire}
TID: [0] [ESB] [2015-04-13 22:08:05,757] DEBUG {httpclient.wire.header} -  << "HTTP/1.1 200 OK[\r][\n]" {httpclient.wire.header}
TID: [0] [ESB] [2015-04-13 22:08:05,757] DEBUG {org.apache.synapse.transport.http.wire} -  << "<?xml version="1.0" encoding="UTF-8"?><soapenv:Envelope xmlns:soapenv="http://schemas.xmlsoap.org/soap/envelope/"><soapenv:Header xmlns:wsa="http://www.w3.org/2005/08/addressing"><wsse:Security xmlns:wsse="http://docs.oasis-open.org/wss/2004/01/oasis-200401-wss-wssecurity-secext-1.0.xsd" soapenv:mustUnderstand="1"><wsu:Timestamp xmlns:wsu="http://docs.oasis-open.org/wss/2004/01/oasis-200401-wss-wssecurity-utility-1.0.xsd" wsu:Id="Timestamp-20"><wsu:Created>2015-04-13T16:38:05.749Z</wsu:Created><wsu:Expires>2015-04-13T16:43:05.749Z</wsu:Expires></wsu:Timestamp><ds:Signature xmlns:ds="http://www.w3.org/2000/09/xmldsig#" Id="Signature-21">[\n]" {org.apache.synapse.transport.http.wire}
TID: [0] [ESB] [2015-04-13 22:08:05,757] DEBUG {httpclient.wire.header} -  << "Content-Type: text/xml; charset=UTF-8[\r][\n]" {httpclient.wire.header}
TID: [0] [ESB] [2015-04-13 22:08:05,757] DEBUG {org.apache.synapse.transport.http.wire} -  << "<ds:SignedInfo>[\n]" {org.apache.synapse.transport.http.wire}
TID: [0] [ESB] [2015-04-13 22:08:05,757] DEBUG {httpclient.wire.header} -  << "Date: Mon, 13 Apr 2015 16:38:05 GMT[\r][\n]" {httpclient.wire.header}
TID: [0] [ESB] [2015-04-13 22:08:05,757] DEBUG {org.apache.synapse.transport.http.wire} -  << "<ds:CanonicalizationMethod Algorithm="http://www.w3.org/2001/10/xml-exc-c14n#"></ds:CanonicalizationMethod>[\n]" {org.apache.synapse.transport.http.wire}
TID: [0] [ESB] [2015-04-13 22:08:05,757] DEBUG {httpclient.wire.header} -  << "Server: WSO2-PassThrough-HTTP[\r][\n]" {httpclient.wire.header}
TID: [0] [ESB] [2015-04-13 22:08:05,758] DEBUG {org.apache.synapse.transport.http.wire} -  << "<ds:SignatureMethod Algorithm="http://www.w3.org/2000/09/xmldsig#hmac-sha1"></ds:SignatureMethod>[\n]" {org.apache.synapse.transport.http.wire}
TID: [0] [ESB] [2015-04-13 22:08:05,758] DEBUG {httpclient.wire.header} -  << "Transfer-Encoding: chunked[\r][\n]" {httpclient.wire.header}
TID: [0] [ESB] [2015-04-13 22:08:05,758] DEBUG {org.apache.synapse.transport.http.wire} -  << "<ds:Reference URI="#Timestamp-20">[\n]" {org.apache.synapse.transport.http.wire}
TID: [0] [ESB] [2015-04-13 22:08:05,758] DEBUG {httpclient.wire.header} -  << "[\r][\n]" {httpclient.wire.header}
TID: [0] [ESB] [2015-04-13 22:08:05,758] DEBUG {org.apache.synapse.transport.http.wire} -  << "<ds:Transforms>[\n]" {org.apache.synapse.transport.http.wire}
TID: [0] [ESB] [2015-04-13 22:08:05,758] DEBUG {org.apache.synapse.transport.http.wire} -  << "<ds:Transform Algorithm="http://www.w3.org/2001/10/xml-exc-c14n#"></ds:Transform>[\n]" {org.apache.synapse.transport.http.wire}
TID: [0] [ESB] [2015-04-13 22:08:05,758] DEBUG {org.apache.synapse.transport.http.wire} -  << "</ds:Transforms>[\n]" {org.apache.synapse.transport.http.wire}
TID: [0] [ESB] [2015-04-13 22:08:05,758] DEBUG {org.apache.synapse.transport.http.wire} -  << "<ds:DigestMethod Algorithm="http://www.w3.org/2000/09/xmldsig#sha1"></ds:DigestMethod>[\n]" {org.apache.synapse.transport.http.wire}
TID: [0] [ESB] [2015-04-13 22:08:05,758] DEBUG {org.apache.synapse.transport.http.wire} -  << "<ds:DigestValue>J0cOVMgcrP+eas9mX92ulmg2OTE=</ds:DigestValue>[\n]" {org.apache.synapse.transport.http.wire}
TID: [0] [ESB] [2015-04-13 22:08:05,758] DEBUG {org.apache.synapse.transport.http.wire} -  << "</ds:Reference>[\n]" {org.apache.synapse.transport.http.wire}
TID: [0] [ESB] [2015-04-13 22:08:05,759] DEBUG {org.apache.synapse.transport.http.wire} -  << "</ds:SignedInfo>[\n]" {org.apache.synapse.transport.http.wire}
TID: [0] [ESB] [2015-04-13 22:08:05,759] DEBUG {org.apache.synapse.transport.http.wire} -  << "<ds:SignatureValue>NbbovBfY3HMDezp7WzYRd0PHegE=</ds:SignatureValue>[\n]" {org.apache.synapse.transport.http.wire}
TID: [0] [ESB] [2015-04-13 22:08:05,759] DEBUG {org.apache.synapse.transport.http.wire} -  << "<ds:KeyInfo Id="KeyId-8D4B97184E8C7E2EAD142894308575017">[\n]" {org.apache.synapse.transport.http.wire}
TID: [0] [ESB] [2015-04-13 22:08:05,759] DEBUG {org.apache.synapse.transport.http.wire} -  << "<wsse:SecurityTokenReference xmlns:wsu="http://docs.oasis-open.org/wss/2004/01/oasis-200401-wss-wssecurity-utility-1.0.xsd" wsu:Id="STRId-8D4B97184E8C7E2EAD142894308575018"><wsse:KeyIdentifier EncodingType="http://docs.oasis-open.org/wss/2004/01/oasis-200401-wss-soap-message-security-1.0#Base64Binary" ValueType="http://docs.oasis-open.org/wss/oasis-wss-soap-message-security-1.1#EncryptedKeySHA1">0BPspo7N2k58V2jW9bMMvW723IQ=</wsse:KeyIdentifier></wsse:SecurityTokenReference>[\n]" {org.apache.synapse.transport.http.wire}
TID: [0] [ESB] [2015-04-13 22:08:05,759] DEBUG {org.apache.synapse.transport.http.wire} -  << "</ds:KeyInfo>[\n]" {org.apache.synapse.transport.http.wire}
TID: [0] [ESB] [2015-04-13 22:08:05,759] DEBUG {org.apache.synapse.transport.http.wire} -  << "</ds:Signature></wsse:Security><wsa:Action>urn:echoStringResponse</wsa:Action><wsa:RelatesTo>urn:uuid:1497eda7-906d-4f52-aa33-da4aadd242c8</wsa:RelatesTo></soapenv:Header><soapenv:Body><ns:echoStringResponse xmlns:ns="http://echo.services.core.carbon.wso2.org"><return>Hello World</return></ns:echoStringResponse></soapenv:Body></soapenv:Envelope>[\r][\n]" {org.apache.synapse.transport.http.wire}
TID: [0] [ESB] [2015-04-13 22:08:05,759] DEBUG {org.apache.synapse.transport.http.wire} -  << "0[\r][\n]" {org.apache.synapse.transport.http.wire}
TID: [0] [ESB] [2015-04-13 22:08:05,759] DEBUG {org.apache.synapse.transport.http.wire} -  << "[\r][\n]" {org.apache.synapse.transport.http.wire}
TID: [0] [ESB] [2015-04-13 22:08:05,759] DEBUG {httpclient.wire.content} -  << "8" {httpclient.wire.content}
TID: [0] [ESB] [2015-04-13 22:08:05,760] DEBUG {httpclient.wire.content} -  << "7" {httpclient.wire.content}
TID: [0] [ESB] [2015-04-13 22:08:05,760] DEBUG {httpclient.wire.content} -  << "5" {httpclient.wire.content}
TID: [0] [ESB] [2015-04-13 22:08:05,760] DEBUG {httpclient.wire.content} -  << "[\r]" {httpclient.wire.content}
TID: [0] [ESB] [2015-04-13 22:08:05,760] DEBUG {httpclient.wire.content} -  << "[\n]" {httpclient.wire.content}
TID: [0] [ESB] [2015-04-13 22:08:05,760] DEBUG {httpclient.wire.content} -  << "<?xm" {httpclient.wire.content}
TID: [0] [ESB] [2015-04-13 22:08:05,760] DEBUG {httpclient.wire.content} -  << "l version="1.0" encoding="U" {httpclient.wire.content}
TID: [0] [ESB] [2015-04-13 22:08:05,760] DEBUG {httpclient.wire.content} -  << "TF-8"?><soapenv:Envelope xmlns:soapenv="http://schemas.xmlsoap.org/soap/envelope/"><soapenv:Header xmlns:wsa="http://www.w3.org/2005/08/addressing"><wsse:Security xmlns:wsse="http://docs.oasis-open.org/wss/2004/01/oasis-200401-wss-wssecurity-secext-1.0.xsd" soapenv:mustUnderstand="1"><wsu:Timestamp xmlns:wsu="http://docs.oasis-open.org/wss/2004/01/oasis-200401-wss-wssecurity-utility-1.0.xsd" wsu:Id="Timestamp-20"><wsu:Created>2015-04-13T16:38:05.749Z</wsu:Created><wsu:Expires>2015-04-13T16:43:05.749Z</wsu:Expires></wsu:Timestamp><ds:Signature xmlns:ds="http://www.w3.org/2000/09/xmldsig#" Id="Signature-21">[\n]" {httpclient.wire.content}
TID: [0] [ESB] [2015-04-13 22:08:05,760] DEBUG {httpclient.wire.content} -  << "<ds:SignedInfo>[\n]" {httpclient.wire.content}
TID: [0] [ESB] [2015-04-13 22:08:05,760] DEBUG {httpclient.wire.content} -  << "<ds:CanonicalizationMethod Algorithm="http://www.w3.org/2001/10/xml-exc-c14n#"></ds:CanonicalizationMethod>[\n]" {httpclient.wire.content}
TID: [0] [ESB] [2015-04-13 22:08:05,760] DEBUG {httpclient.wire.content} -  << "<ds:SignatureMethod Algorithm="http://www.w3.org/2000/09/xmldsig#hmac-sha1"></ds:SignatureMethod>[\n]" {httpclient.wire.content}
TID: [0] [ESB] [2015-04-13 22:08:05,761] DEBUG {httpclient.wire.content} -  << "<ds:Reference URI="#Timestamp-20">[\n]" {httpclient.wire.content}
TID: [0] [ESB] [2015-04-13 22:08:05,761] DEBUG {httpclient.wire.content} -  << "<ds:Transforms>[\n]" {httpclient.wire.content}
TID: [0] [ESB] [2015-04-13 22:08:05,761] DEBUG {httpclient.wire.content} -  << "<ds:Transform Algorithm="http://www.w3.org/2001/10/xml-exc-c14n#"></ds:Transform>[\n]" {httpclient.wire.content}
TID: [0] [ESB] [2015-04-13 22:08:05,761] DEBUG {httpclient.wire.content} -  << "</ds:Transforms>[\n]" {httpclient.wire.content}
TID: [0] [ESB] [2015-04-13 22:08:05,761] DEBUG {httpclient.wire.content} -  << "<ds:DigestMethod Algorithm="http://www.w3.org/2000/09/xmldsig#sha1"></ds:DigestMethod>[\n]" {httpclient.wire.content}
TID: [0] [ESB] [2015-04-13 22:08:05,761] DEBUG {httpclient.wire.content} -  << "<ds:DigestValue>J0cOVMgcrP+eas9mX92ulmg2OTE=</ds:DigestValue>[\n]" {httpclient.wire.content}
TID: [0] [ESB] [2015-04-13 22:08:05,761] DEBUG {httpclient.wire.content} -  << "</ds:Reference>[\n]" {httpclient.wire.content}
TID: [0] [ESB] [2015-04-13 22:08:05,761] DEBUG {httpclient.wire.content} -  << "</ds:SignedInfo>[\n]" {httpclient.wire.content}
TID: [0] [ESB] [2015-04-13 22:08:05,761] DEBUG {httpclient.wire.content} -  << "<ds:SignatureValue>NbbovBfY3HMDezp7WzYRd0PHegE=</ds:SignatureValue>[\n]" {httpclient.wire.content}
TID: [0] [ESB] [2015-04-13 22:08:05,761] DEBUG {httpclient.wire.content} -  << "<ds:KeyInfo Id="KeyId-8D4B97184E8C7E2EAD142894308575017">[\n]" {httpclient.wire.content}
TID: [0] [ESB] [2015-04-13 22:08:05,761] DEBUG {httpclient.wire.content} -  << "<wsse:SecurityTokenReference xmlns:wsu="http://docs.oasis-open.org/wss/2004/01/oasis-200401-wss-wssecurity-utility-1.0.xsd" wsu:Id="STRId-8D4B97184E8C7E2EAD142894308575018"><wsse:KeyIdentifier EncodingType="http://docs.oasis-open.org/wss/2004/01/oasis-200401-wss-soap-message-security-1.0#Base64Binary" ValueType="http://docs.oasis-open.org/wss/oasis-wss-soap-message-security-1.1#EncryptedKeySHA1">0BPspo7N2k58V2jW9bMMvW723IQ=</wsse:KeyIdentifier></wsse:SecurityTokenReference>[\n]" {httpclient.wire.content}
TID: [0] [ESB] [2015-04-13 22:08:05,761] DEBUG {httpclient.wire.content} -  << "</ds:KeyInfo>[\n]" {httpclient.wire.content}
TID: [0] [ESB] [2015-04-13 22:08:05,762] DEBUG {httpclient.wire.content} -  << "</ds:Signature></wsse:Security><wsa:Action>urn:echoStringResponse</wsa:Action><wsa:RelatesTo>urn:uuid:1497eda7-906d-4f52-aa33-da4aadd242c8</wsa:RelatesTo></soapenv:Header><soapenv:Body><ns:echoStringResponse xmlns:ns="http://echo.services.core.carbon.wso2.org"><return>Hello World</return></ns:echoStringResponse></soapenv:Body></soapenv:Envelope>" {httpclient.wire.content}
TID: [0] [ESB] [2015-04-13 22:08:05,766]  INFO {org.sample.sts.esb.CustomSTSClientMediator} -   ############################# <ns:echoStringResponse xmlns:ns="http://echo.services.core.carbon.wso2.org"><return>Hello World</return></ns:echoStringResponse> {org.sample.sts.esb.CustomSTSClientMediator}
TID: [0] [ESB] [2015-04-13 22:08:05,766]  INFO {org.sample.sts.esb.CustomSTSClientMediator} -   ############################# <ns:echoStringResponse xmlns:ns="http://echo.services.core.carbon.wso2.org"><return>Hello World</return></ns:echoStringResponse> {org.sample.sts.esb.CustomSTSClientMediator}
TID: [0] [ESB] [2015-04-13 22:08:05,766]  INFO {org.apache.synapse.mediators.builtin.LogMediator} -  To: /services/proxiedEcho.proxiedEchoHttpsSoap11Endpoint, WSAction: urn:mediate, SOAPAction: urn:mediate, MessageID: urn:uuid:30c0d8e5-17a3-4570-8ff0-3bb5c5572249, Direction: request, In1 = In 1 sequence ******, Envelope: <?xml version="1.0" encoding="utf-8"?><soapenv:Envelope xmlns:soapenv="http://schemas.xmlsoap.org/soap/envelope/"><soapenv:Header><wsse:Security xmlns:wsse="http://docs.oasis-open.org/wss/2004/01/oasis-200401-wss-wssecurity-secext-1.0.xsd" xmlns:wsu="http://docs.oasis-open.org/wss/2004/01/oasis-200401-wss-wssecurity-utility-1.0.xsd" soapenv:mustUnderstand="1"><wsu:Timestamp wsu:Id="TS-6"><wsu:Created>2015-04-13T16:38:05Z</wsu:Created><wsu:Expires>2015-04-13T16:41:25Z</wsu:Expires></wsu:Timestamp><wsse:UsernameToken wsu:Id="UsernameToken-5"><wsse:Username>admin</wsse:Username><wsse:Password Type="http://docs.oasis-open.org/wss/2004/01/oasis-200401-wss-username-token-profile-1.0#PasswordText">admin</wsse:Password><wsse:Nonce EncodingType="http://docs.oasis-open.org/wss/2004/01/oasis-200401-wss-soap-message-security-1.0#Base64Binary">XUoiiOADFvLsRaiLStyeQA==</wsse:Nonce><wsu:Created>2015-04-13T16:38:05.364Z</wsu:Created></wsse:UsernameToken></wsse:Security></soapenv:Header><soapenv:Body></soapenv:Body></soapenv:Envelope> {org.apache.synapse.mediators.builtin.LogMediator}
TID: [0] [ESB] [2015-04-13 22:08:05,767] DEBUG {org.apache.synapse.transport.http.headers} -  http-incoming-12 << HTTP/1.1 202 Accepted {org.apache.synapse.transport.http.headers}
TID: [0] [ESB] [2015-04-13 22:08:05,767] DEBUG {org.apache.synapse.transport.http.headers} -  http-incoming-12 << Date: Mon, 13 Apr 2015 16:38:05 GMT {org.apache.synapse.transport.http.headers}
TID: [0] [ESB] [2015-04-13 22:08:05,767] DEBUG {org.apache.synapse.transport.http.headers} -  http-incoming-12 << Server: WSO2-PassThrough-HTTP {org.apache.synapse.transport.http.headers}
TID: [0] [ESB] [2015-04-13 22:08:05,767] DEBUG {org.apache.synapse.transport.http.headers} -  http-incoming-12 << Transfer-Encoding: chunked {org.apache.synapse.transport.http.headers}
TID: [0] [ESB] [2015-04-13 22:08:05,767] DEBUG {org.apache.synapse.transport.http.headers} -  http-incoming-12 << Connection: Keep-Alive {org.apache.synapse.transport.http.headers}
TID: [0] [ESB] [2015-04-13 22:08:05,768] DEBUG {org.apache.synapse.transport.http.wire} -  << "HTTP/1.1 202 Accepted[\r][\n]" {org.apache.synapse.transport.http.wire}
TID: [0] [ESB] [2015-04-13 22:08:05,768] DEBUG {org.apache.synapse.transport.http.wire} -  << "Date: Mon, 13 Apr 2015 16:38:05 GMT[\r][\n]" {org.apache.synapse.transport.http.wire}
TID: [0] [ESB] [2015-04-13 22:08:05,768] DEBUG {org.apache.synapse.transport.http.wire} -  << "Server: WSO2-PassThrough-HTTP[\r][\n]" {org.apache.synapse.transport.http.wire}
TID: [0] [ESB] [2015-04-13 22:08:05,768] DEBUG {org.apache.synapse.transport.http.wire} -  << "Transfer-Encoding: chunked[\r][\n]" {org.apache.synapse.transport.http.wire}
TID: [0] [ESB] [2015-04-13 22:08:05,768] DEBUG {org.apache.synapse.transport.http.wire} -  << "Connection: Keep-Alive[\r][\n]" {org.apache.synapse.transport.http.wire}
TID: [0] [ESB] [2015-04-13 22:08:05,768] DEBUG {org.apache.synapse.transport.http.wire} -  << "[\r][\n]" {org.apache.synapse.transport.http.wire}
TID: [0] [ESB] [2015-04-13 22:08:05,768] DEBUG {org.apache.synapse.transport.http.wire} -  << "0[\r][\n]" {org.apache.synapse.transport.http.wire}
TID: [0] [ESB] [2015-04-13 22:08:05,768] DEBUG {org.apache.synapse.transport.http.wire} -  << "[\r][\n]" {org.apache.synapse.transport.http.wire}
